modules/zenova-audio-fx/android/build/intermediates/manifest_merge_blame_file/release/processReleaseManifest/manifest-merger-blame-release-report.txt
1<?xml version="1.0" encoding="utf-8"?>
2<manifest xmlns:android="http://schemas.android.com/apk/res/android"
3    package="expo.modules.zenovaaudiofx" >
4
5    <uses-sdk android:minSdkVersion="24" />
6
7    <uses-permission android:name="android.permission.MODIFY_AUDIO_SETTINGS" />
7-->src/main/AndroidManifest.xml:2:3-78
7-->src/main/AndroidManifest.xml:2:20-75
8    <uses-permission android:name="android.permission.RECORD_AUDIO" />
8-->src/main/AndroidManifest.xml:3:3-69
8-->src/main/AndroidManifest.xml:3:20-66
9    <uses-permission android:name="android.permission.FOREGROUND_SERVICE" />
9-->src/main/AndroidManifest.xml:4:3-75
9-->src/main/AndroidManifest.xml:4:20-72
10    <uses-permission android:name="android.permission.FOREGROUND_SERVICE_MEDIA_PLAYBACK" />
10-->src/main/AndroidManifest.xml:5:3-90
10-->src/main/AndroidManifest.xml:5:20-87
11    <uses-permission android:name="android.permission.POST_NOTIFICATIONS" />
11-->src/main/AndroidManifest.xml:6:3-75
11-->src/main/AndroidManifest.xml:6:20-72
12
13    <application>
13-->src/main/AndroidManifest.xml:8:3-14:17
14        <service
14-->src/main/AndroidManifest.xml:9:5-13:55
15            android:name="expo.modules.zenovaaudiofx.ZenovaAudioFxService"
15-->src/main/AndroidManifest.xml:10:7-43
16            android:enabled="true"
16-->src/main/AndroidManifest.xml:11:7-29
17            android:exported="false"
17-->src/main/AndroidManifest.xml:12:7-31
18            android:foregroundServiceType="mediaPlayback" />
18-->src/main/AndroidManifest.xml:13:7-52
19    </application>
20
21</manifest>